#
# A fatal error has been detected by the Java Runtime Environment:
#
#  SIGSEGV (0xb) at pc=0x00007fddd93b5031, pid=8951, tid=140590597531392
#
# JRE version: 6.0_26-b03
# Java VM: Java HotSpot(TM) 64-Bit Server VM (20.1-b02 mixed mode linux-amd64 compressed oops)
# Problematic frame:
# C  [libc.so.6+0x7f031]  _IO_str_pbackfail+0x19e1
#
# If you would like to submit a bug report, please visit:
#   http://java.sun.com/webapps/bugreport/crash.jsp
#

---------------  T H R E A D  ---------------

Current thread (0x00007fddd4180000):  Thread [stack: 0x00007fddcc8fe000,0x00007fddcc9ff000] [id=8984]

siginfo:si_signo=SIGSEGV: si_errno=0, si_code=1 (SEGV_MAPERR), si_addr=0x0000000100000007

Registers:
RAX=0x0000000000000002, RBX=0x00007fddd417bfe0, RCX=0x00007fddd4000038, RDX=0x00000000ffffffff
RSP=0x00007fddcc9fda10, RBP=0x0000000000000002, RSI=0x00000000ffffffff, RDI=0x00007fddd4000020
R8 =0x00007fddd91cba80, R9 =0x0000000000002318, R10=0x0000000000000000, R11=0x00007fddd91cbae8
R12=0x00007fddd417bff0, R13=0x00007fddd4000020, R14=0x00007fddd4180000, R15=0x0000000000000007
RIP=0x00007fddd93b5031, EFLAGS=0x0000000000010206, CSGSFS=0x0000000000000033, ERR=0x0000000000000004
  TRAPNO=0x000000000000000e

Top of Stack: (sp=0x00007fddcc9fda10)
0x00007fddcc9fda10:   0000000000000000 0000000000000000
0x00007fddcc9fda20:   00007fddd417bf90 00007fddd4180000
0x00007fddcc9fda30:   00007fddcc9fda60 00007fddd4180000
0x00007fddcc9fda40:   00007fddcc9fda90 00007fddd417bff0
0x00007fddcc9fda50:   00007fddd4180000 00007fddd4180000
0x00007fddcc9fda60:   0000000000000007 00007fddd8fa376e
0x00007fddcc9fda70:   00007fddcc9fda90 00007fddd8f41df2
0x00007fddcc9fda80:   0000000000000000 00007fddd91ad9d0
0x00007fddcc9fda90:   00007fddcc9fdac0 00007fddd8f43f80
0x00007fddcc9fdaa0:   00007fddd4180000 00007fddcc9fdad0
0x00007fddcc9fdab0:   00007fddd4180000 00007fddd4180d40
0x00007fddcc9fdac0:   00007fddcc9fdb10 00007fddd8f440ba
0x00007fddcc9fdad0:   00007fddd4180000 00007fddd417bfc0
0x00007fddcc9fdae0:   00007fdda0003930 00007fdda0003940
0x00007fddcc9fdaf0:   00007fdda0003d18 00007fddd417bff0
0x00007fddcc9fdb00:   00007fddd91c6250 00007fddd4180e20
0x00007fddcc9fdb10:   00007fddcc9fdee0 00007fddd8e3badf
0x00007fddcc9fdb20:   0000000000000000 0000000000000000
0x00007fddcc9fdb30:   0000000000000000 0000000000000000
0x00007fddcc9fdb40:   0000000000000000 0000000000000000
0x00007fddcc9fdb50:   0000000000000000 0000000000000000
0x00007fddcc9fdb60:   0000000000000000 0000000000000000
0x00007fddcc9fdb70:   0000000000000000 0000000000000000
0x00007fddcc9fdb80:   0000000000000000 0000000000000000
0x00007fddcc9fdb90:   0000000000000000 0000000000000000
0x00007fddcc9fdba0:   0000000000000000 0000000000000000
0x00007fddcc9fdbb0:   0000000000000000 0000000000000000
0x00007fddcc9fdbc0:   0000000000000000 0000000000000000
0x00007fddcc9fdbd0:   0000000000000000 0000000000000000
0x00007fddcc9fdbe0:   0000000000000000 0000000000000000
0x00007fddcc9fdbf0:   0000000000000000 0000000000000000
0x00007fddcc9fdc00:   0000000000000000 0000000000000000 

Instructions: (pc=0x00007fddd93b5031)
0x00007fddd93b5011:   ff ff ff ff eb 15 66 0f 1f 84 00 00 00 00 00 48
0x00007fddd93b5021:   39 c3 0f 84 d8 06 00 00 48 89 c2 48 85 d2 74 0a
0x00007fddd93b5031:   48 8b 72 08 c1 ee 04 83 ee 02 48 89 53 10 48 89
0x00007fddd93b5041:   d0 64 83 3c 25 18 00 00 00 00 74 01 f0 48 0f b1 

Register to memory mapping:

RAX=0x0000000000000002 is an unknown value
RBX=0x00007fddd417bfe0 is an unknown value
RCX=0x00007fddd4000038 is an unknown value
RDX=0x00000000ffffffff is an unallocated location in the heap
RSP=0x00007fddcc9fda10 is an unknown value
RBP=0x0000000000000002 is an unknown value
RSI=0x00000000ffffffff is an unallocated location in the heap
RDI=0x00007fddd4000020 is an unknown value
R8 =0x00007fddd91cba80: <offset 0xaa0a80> in /usr/lib/jvm/java-6-sun-1.6.0.26/jre/lib/amd64/server/libjvm.so at 0x00007fddd872b000
R9 =0x0000000000002318 is an unknown value
R10=0x0000000000000000 is an unknown value
R11=0x00007fddd91cbae8: <offset 0xaa0ae8> in /usr/lib/jvm/java-6-sun-1.6.0.26/jre/lib/amd64/server/libjvm.so at 0x00007fddd872b000
R12=0x00007fddd417bff0 is an unknown value
R13=0x00007fddd4000020 is an unknown value
R14=0x00007fddd4180000 is an unknown value
R15=0x0000000000000007 is an unknown value


Stack: [0x00007fddcc8fe000,0x00007fddcc9ff000],  sp=0x00007fddcc9fda10,  free space=1022k
Native frames: (J=compiled Java code, j=interpreted, Vv=VM code, C=native code)
C  [libc.so.6+0x7f031]  _IO_str_pbackfail+0x19e1


---------------  P R O C E S S  ---------------

Java Threads: ( => current thread )
  0x00007fddd417e800 JavaThread "SyncSkypeMessageSender" daemon [_thread_blocked, id=8983, stack(0x00007fddcc9ff000,0x00007fddccb00000)]
  0x00007fddd4178000 JavaThread "SkypeUserThread" [_thread_blocked, id=8982, stack(0x00007fddccb00000,0x00007fddccc01000)]
  0x00007fddd4176800 JavaThread "Skype4Java Event Loop" daemon [_thread_in_native, id=8981, stack(0x00007fddccc01000,0x00007fddccd02000)]
  0x00007fddd40a0800 JavaThread "Low Memory Detector" daemon [_thread_blocked, id=8979, stack(0x00007fddcea0a000,0x00007fddceb0b000)]
  0x00007fddd409e800 JavaThread "C2 CompilerThread1" daemon [_thread_blocked, id=8978, stack(0x00007fddceb0b000,0x00007fddcec0c000)]
  0x00007fddd409b800 JavaThread "C2 CompilerThread0" daemon [_thread_blocked, id=8977, stack(0x00007fddcec0c000,0x00007fddced0d000)]
  0x00007fddb4001000 JavaThread "JDWP Command Reader" daemon [_thread_in_native, id=8971, stack(0x00007fddced0d000,0x00007fddcee0e000)]
  0x00007fddd4099000 JavaThread "JDWP Event Helper Thread" daemon [_thread_blocked, id=8970, stack(0x00007fddcee0e000,0x00007fddcef0f000)]
  0x00007fddd4095800 JavaThread "JDWP Transport Listener: dt_socket" daemon [_thread_blocked, id=8967, stack(0x00007fddcef0f000,0x00007fddcf010000)]
  0x00007fddd4089800 JavaThread "Signal Dispatcher" daemon [_thread_blocked, id=8965, stack(0x00007fddcf114000,0x00007fddcf215000)]
  0x00007fddd406e000 JavaThread "Finalizer" daemon [_thread_blocked, id=8962, stack(0x00007fddcf215000,0x00007fddcf316000)]
  0x00007fddd406c000 JavaThread "Reference Handler" daemon [_thread_blocked, id=8961, stack(0x00007fddcf316000,0x00007fddcf417000)]
  0x00007fddd400b800 JavaThread "main" [_thread_blocked, id=8953, stack(0x00007fddd8330000,0x00007fddd8431000)]

Other Threads:
  0x00007fddd4065800 VMThread [stack: 0x00007fddcf417000,0x00007fddcf518000] [id=8960]
  0x00007fddd40a3800 WatcherThread [stack: 0x00007fddce909000,0x00007fddcea0a000] [id=8980]

=>0x00007fddd4180000 (exited) Thread [stack: 0x00007fddcc8fe000,0x00007fddcc9ff000] [id=8984]

VM state:not at safepoint (normal execution)

VM Mutex/Monitor currently owned by a thread: None

Heap
 PSYoungGen      total 17920K, used 2797K [0x00000000ec0b0000, 0x00000000ed4a0000, 0x0000000100000000)
  eden space 15424K, 18% used [0x00000000ec0b0000,0x00000000ec36b600,0x00000000ecfc0000)
  from space 2496K, 0% used [0x00000000ed230000,0x00000000ed230000,0x00000000ed4a0000)
  to   space 2496K, 0% used [0x00000000ecfc0000,0x00000000ecfc0000,0x00000000ed230000)
 PSOldGen        total 40832K, used 0K [0x00000000c4200000, 0x00000000c69e0000, 0x00000000ec0b0000)
  object space 40832K, 0% used [0x00000000c4200000,0x00000000c4200000,0x00000000c69e0000)
 PSPermGen       total 21248K, used 3453K [0x00000000bf000000, 0x00000000c04c0000, 0x00000000c4200000)
  object space 21248K, 16% used [0x00000000bf000000,0x00000000bf35f440,0x00000000c04c0000)

Code Cache  [0x00007fddcff83000, 0x00007fddd01f3000, 0x00007fddd2f83000)
 total_blobs=173 nmethods=5 adapters=131 free_code_cache=49934400 largest_free_block=27648

Dynamic libraries:
40000000-40009000 r-xp 00000000 08:05 1704985                            /usr/lib/jvm/java-6-sun-1.6.0.26/jre/bin/java
40108000-4010a000 rwxp 00008000 08:05 1704985                            /usr/lib/jvm/java-6-sun-1.6.0.26/jre/bin/java
40e36000-40e57000 rwxp 00000000 00:00 0                                  [heap]
bf000000-c04c0000 rwxp 00000000 00:00 0 
c04c0000-c4200000 rwxp 00000000 00:00 0 
c4200000-c69e0000 rwxp 00000000 00:00 0 
c69e0000-ec0b0000 rwxp 00000000 00:00 0 
ec0b0000-ed4a0000 rwxp 00000000 00:00 0 
ed4a0000-100000000 rwxp 00000000 00:00 0 
7fdd94000000-7fdd94021000 rwxp 00000000 00:00 0 
7fdd94021000-7fdd98000000 ---p 00000000 00:00 0 
7fdd98000000-7fdd98021000 rwxp 00000000 00:00 0 
7fdd98021000-7fdd9c000000 ---p 00000000 00:00 0 
7fdd9c000000-7fdd9c021000 rwxp 00000000 00:00 0 
7fdd9c021000-7fdda0000000 ---p 00000000 00:00 0 
7fdda0000000-7fdda015f000 rwxp 00000000 00:00 0 
7fdda015f000-7fdda4000000 ---p 00000000 00:00 0 
7fdda4000000-7fdda4183000 rwxp 00000000 00:00 0 
7fdda4183000-7fdda8000000 ---p 00000000 00:00 0 
7fdda8000000-7fdda8021000 rwxp 00000000 00:00 0 
7fdda8021000-7fddac000000 ---p 00000000 00:00 0 
7fddac000000-7fddac021000 rwxp 00000000 00:00 0 
7fddac021000-7fddb0000000 ---p 00000000 00:00 0 
7fddb0000000-7fddb0021000 rwxp 00000000 00:00 0 
7fddb0021000-7fddb4000000 ---p 00000000 00:00 0 
7fddb4000000-7fddb4021000 rwxp 00000000 00:00 0 
7fddb4021000-7fddb8000000 ---p 00000000 00:00 0 
7fddb8000000-7fddb8021000 rwxp 00000000 00:00 0 
7fddb8021000-7fddbc000000 ---p 00000000 00:00 0 
7fddbc000000-7fddbc021000 rwxp 00000000 00:00 0 
7fddbc021000-7fddc0000000 ---p 00000000 00:00 0 
7fddc0000000-7fddc0021000 rwxp 00000000 00:00 0 
7fddc0021000-7fddc4000000 ---p 00000000 00:00 0 
7fddc4000000-7fddc4021000 rwxp 00000000 00:00 0 
7fddc4021000-7fddc8000000 ---p 00000000 00:00 0 
7fddc8000000-7fddc8021000 rwxp 00000000 00:00 0 
7fddc8021000-7fddcc000000 ---p 00000000 00:00 0 
7fddcc8fe000-7fddcc901000 ---p 00000000 00:00 0 
7fddcc901000-7fddcc9ff000 rwxp 00000000 00:00 0 
7fddcc9ff000-7fddcca02000 ---p 00000000 00:00 0 
7fddcca02000-7fddccb00000 rwxp 00000000 00:00 0 
7fddccb00000-7fddccb03000 ---p 00000000 00:00 0 
7fddccb03000-7fddccc01000 rwxp 00000000 00:00 0 
7fddccc01000-7fddccc04000 ---p 00000000 00:00 0 
7fddccc04000-7fddccd02000 rwxp 00000000 00:00 0 
7fddccd02000-7fddccd1a000 r-xp 00000000 08:05 1319550                    /lib/x86_64-linux-gnu/libresolv-2.15.so
7fddccd1a000-7fddccf1a000 ---p 00018000 08:05 1319550                    /lib/x86_64-linux-gnu/libresolv-2.15.so
7fddccf1a000-7fddccf1b000 r-xp 00018000 08:05 1319550                    /lib/x86_64-linux-gnu/libresolv-2.15.so
7fddccf1b000-7fddccf1c000 rwxp 00019000 08:05 1319550                    /lib/x86_64-linux-gnu/libresolv-2.15.so
7fddccf1c000-7fddccf1e000 rwxp 00000000 00:00 0 
7fddccf1e000-7fddccf3b000 r-xp 00000000 08:05 1310807                    /lib/x86_64-linux-gnu/libselinux.so.1
7fddccf3b000-7fddcd13a000 ---p 0001d000 08:05 1310807                    /lib/x86_64-linux-gnu/libselinux.so.1
7fddcd13a000-7fddcd13b000 r-xp 0001c000 08:05 1310807                    /lib/x86_64-linux-gnu/libselinux.so.1
7fddcd13b000-7fddcd13c000 rwxp 0001d000 08:05 1310807                    /lib/x86_64-linux-gnu/libselinux.so.1
7fddcd13c000-7fddcd13d000 rwxp 00000000 00:00 0 
7fddcd13d000-7fddcd153000 r-xp 00000000 08:05 1311468                    /lib/x86_64-linux-gnu/libz.so.1.2.3.4
7fddcd153000-7fddcd352000 ---p 00016000 08:05 1311468                    /lib/x86_64-linux-gnu/libz.so.1.2.3.4
7fddcd352000-7fddcd353000 r-xp 00015000 08:05 1311468                    /lib/x86_64-linux-gnu/libz.so.1.2.3.4
7fddcd353000-7fddcd354000 rwxp 00016000 08:05 1311468                    /lib/x86_64-linux-gnu/libz.so.1.2.3.4
7fddcd354000-7fddcd357000 r-xp 00000000 08:05 1576155                    /usr/lib/x86_64-linux-gnu/libgmodule-2.0.so.0.3200.1
7fddcd357000-7fddcd556000 ---p 00003000 08:05 1576155                    /usr/lib/x86_64-linux-gnu/libgmodule-2.0.so.0.3200.1
7fddcd556000-7fddcd557000 r-xp 00002000 08:05 1576155                    /usr/lib/x86_64-linux-gnu/libgmodule-2.0.so.0.3200.1
7fddcd557000-7fddcd558000 rwxp 00003000 08:05 1576155                    /usr/lib/x86_64-linux-gnu/libgmodule-2.0.so.0.3200.1
7fddcd558000-7fddcd594000 r-xp 00000000 08:05 1310803                    /lib/x86_64-linux-gnu/libpcre.so.3.12.1
7fddcd594000-7fddcd793000 ---p 0003c000 08:05 1310803                    /lib/x86_64-linux-gnu/libpcre.so.3.12.1
7fddcd793000-7fddcd794000 r-xp 0003b000 08:05 1310803                    /lib/x86_64-linux-gnu/libpcre.so.3.12.1
7fddcd794000-7fddcd795000 rwxp 0003c000 08:05 1310803                    /lib/x86_64-linux-gnu/libpcre.so.3.12.1
7fddcd795000-7fddcd79c000 r-xp 00000000 08:05 1573892                    /usr/lib/x86_64-linux-gnu/libffi.so.6.0.0
7fddcd79c000-7fddcd99b000 ---p 00007000 08:05 1573892                    /usr/lib/x86_64-linux-gnu/libffi.so.6.0.0
7fddcd99b000-7fddcd99c000 r-xp 00006000 08:05 1573892                    /usr/lib/x86_64-linux-gnu/libffi.so.6.0.0
7fddcd99c000-7fddcd99d000 rwxp 00007000 08:05 1573892                    /usr/lib/x86_64-linux-gnu/libffi.so.6.0.0
7fddcd99d000-7fddcdae5000 r-xp 00000000 08:05 1577178                    /usr/lib/x86_64-linux-gnu/libgio-2.0.so.0.3200.1
7fddcdae5000-7fddcdce4000 ---p 00148000 08:05 1577178                    /usr/lib/x86_64-linux-gnu/libgio-2.0.so.0.3200.1
7fddcdce4000-7fddcdce8000 r-xp 00147000 08:05 1577178                    /usr/lib/x86_64-linux-gnu/libgio-2.0.so.0.3200.1
7fddcdce8000-7fddcdcea000 rwxp 0014b000 08:05 1577178                    /usr/lib/x86_64-linux-gnu/libgio-2.0.so.0.3200.1
7fddcdcea000-7fddcdcec000 rwxp 00000000 00:00 0 
7fddcdcec000-7fddcdd2e000 r-xp 00000000 08:05 1310744                    /lib/x86_64-linux-gnu/libdbus-1.so.3.5.8
7fddcdd2e000-7fddcdf2e000 ---p 00042000 08:05 1310744                    /lib/x86_64-linux-gnu/libdbus-1.so.3.5.8
7fddcdf2e000-7fddcdf2f000 r-xp 00042000 08:05 1310744                    /lib/x86_64-linux-gnu/libdbus-1.so.3.5.8
7fddcdf2f000-7fddcdf30000 rwxp 00043000 08:05 1310744                    /lib/x86_64-linux-gnu/libdbus-1.so.3.5.8
7fddcdf30000-7fddce022000 r-xp 00000000 08:05 1311466                    /lib/x86_64-linux-gnu/libglib-2.0.so.0.3200.1
7fddce022000-7fddce222000 ---p 000f2000 08:05 1311466                    /lib/x86_64-linux-gnu/libglib-2.0.so.0.3200.1
7fddce222000-7fddce223000 r-xp 000f2000 08:05 1311466                    /lib/x86_64-linux-gnu/libglib-2.0.so.0.3200.1
7fddce223000-7fddce224000 rwxp 000f3000 08:05 1311466                    /lib/x86_64-linux-gnu/libglib-2.0.so.0.3200.1
7fddce224000-7fddce225000 rwxp 00000000 00:00 0 
7fddce225000-7fddce272000 r-xp 00000000 08:05 1575825                    /usr/lib/x86_64-linux-gnu/libgobject-2.0.so.0.3200.1
7fddce272000-7fddce472000 ---p 0004d000 08:05 1575825                    /usr/lib/x86_64-linux-gnu/libgobject-2.0.so.0.3200.1
7fddce472000-7fddce473000 r-xp 0004d000 08:05 1575825                    /usr/lib/x86_64-linux-gnu/libgobject-2.0.so.0.3200.1
7fddce473000-7fddce474000 rwxp 0004e000 08:05 1575825                    /usr/lib/x86_64-linux-gnu/libgobject-2.0.so.0.3200.1
7fddce474000-7fddce499000 r-xp 00000000 08:05 1576152                    /usr/lib/x86_64-linux-gnu/libdbus-glib-1.so.2.2.2
7fddce499000-7fddce699000 ---p 00025000 08:05 1576152                    /usr/lib/x86_64-linux-gnu/libdbus-glib-1.so.2.2.2
7fddce699000-7fddce69a000 r-xp 00025000 08:05 1576152                    /usr/lib/x86_64-linux-gnu/libdbus-glib-1.so.2.2.2
7fddce69a000-7fddce69b000 rwxp 00026000 08:05 1576152                    /usr/lib/x86_64-linux-gnu/libdbus-glib-1.so.2.2.2
7fddce6c5000-7fddce6ca000 r-xp 00000000 08:05 1851880                    /home/takeuchi/projects/skype2gmail/skype-api/target/classes/libskype_dbus_x64.so
7fddce6ca000-7fddce8ca000 ---p 00005000 08:05 1851880                    /home/takeuchi/projects/skype2gmail/skype-api/target/classes/libskype_dbus_x64.so
7fddce8ca000-7fddce8cb000 r-xp 00005000 08:05 1851880                    /home/takeuchi/projects/skype2gmail/skype-api/target/classes/libskype_dbus_x64.so
7fddce8cb000-7fddce8cc000 rwxp 00006000 08:05 1851880                    /home/takeuchi/projects/skype2gmail/skype-api/target/classes/libskype_dbus_x64.so
7fddce8cc000-7fddce8dc000 rwxp 00000000 00:00 0 
7fddce909000-7fddce90a000 ---p 00000000 00:00 0 
7fddce90a000-7fddcea0a000 rwxp 00000000 00:00 0 
7fddcea0a000-7fddcea0d000 ---p 00000000 00:00 0 
7fddcea0d000-7fddceb0b000 rwxp 00000000 00:00 0 
7fddceb0b000-7fddceb0e000 ---p 00000000 00:00 0 
7fddceb0e000-7fddcec0c000 rwxp 00000000 00:00 0 
7fddcec0c000-7fddcec0f000 ---p 00000000 00:00 0 
7fddcec0f000-7fddced0d000 rwxp 00000000 00:00 0 
7fddced0d000-7fddced10000 ---p 00000000 00:00 0 
7fddced10000-7fddcee0e000 rwxp 00000000 00:00 0 
7fddcee0e000-7fddcee11000 ---p 00000000 00:00 0 
7fddcee11000-7fddcef0f000 rwxp 00000000 00:00 0 
7fddcef0f000-7fddcef12000 ---p 00000000 00:00 0 
7fddcef12000-7fddcf010000 rwxp 00000000 00:00 0 
7fddcf010000-7fddcf013000 r-xp 00000000 08:05 1705605                    /usr/lib/jvm/java-6-sun-1.6.0.26/jre/lib/amd64/libdt_socket.so
7fddcf013000-7fddcf112000 ---p 00003000 08:05 1705605                    /usr/lib/jvm/java-6-sun-1.6.0.26/jre/lib/amd64/libdt_socket.so
7fddcf112000-7fddcf114000 rwxp 00002000 08:05 1705605                    /usr/lib/jvm/java-6-sun-1.6.0.26/jre/lib/amd64/libdt_socket.so
7fddcf114000-7fddcf117000 ---p 00000000 00:00 0 
7fddcf117000-7fddcf215000 rwxp 00000000 00:00 0 
7fddcf215000-7fddcf218000 ---p 00000000 00:00 0 
7fddcf218000-7fddcf316000 rwxp 00000000 00:00 0 
7fddcf316000-7fddcf319000 ---p 00000000 00:00 0 
7fddcf319000-7fddcf417000 rwxp 00000000 00:00 0 
7fddcf417000-7fddcf418000 ---p 00000000 00:00 0 
7fddcf418000-7fddcf84f000 rwxp 00000000 00:00 0 
7fddcf84f000-7fddcf9e7000 r-xs 03029000 08:05 1706512                    /usr/lib/jvm/java-6-sun-1.6.0.26/jre/lib/rt.jar
7fddcf9e7000-7fddcfa0f000 rwxp 00000000 00:00 0 
7fddcfa0f000-7fddcfa10000 ---p 00000000 00:00 0 
7fddcfa10000-7fddcfb10000 rwxp 00000000 00:00 0 
7fddcfb10000-7fddcfb11000 ---p 00000000 00:00 0 
7fddcfb11000-7fddcfc1c000 rwxp 00000000 00:00 0 
7fddcfc1c000-7fddcfc3a000 rwxp 00000000 00:00 0 
7fddcfc3a000-7fddcfc4e000 rwxp 00000000 00:00 0 
7fddcfc4e000-7fddcfd7a000 rwxp 00000000 00:00 0 
7fddcfd7a000-7fddcfd85000 rwxp 00000000 00:00 0 
7fddcfd85000-7fddcfda3000 rwxp 00000000 00:00 0 
7fddcfda3000-7fddcfdb7000 rwxp 00000000 00:00 0 
7fddcfdb7000-7fddcfee2000 rwxp 00000000 00:00 0 
7fddcfee2000-7fddcfeed000 rwxp 00000000 00:00 0 
7fddcfeed000-7fddcff82000 rwxp 00000000 00:00 0 
7fddcff82000-7fddd01f3000 rwxp 00000000 00:00 0 
7fddd01f3000-7fddd2f83000 rwxp 00000000 00:00 0 
7fddd2f83000-7fddd2f91000 r-xp 00000000 08:05 1706288                    /usr/lib/jvm/java-6-sun-1.6.0.26/jre/lib/amd64/libzip.so
7fddd2f91000-7fddd3093000 ---p 0000e000 08:05 1706288                    /usr/lib/jvm/java-6-sun-1.6.0.26/jre/lib/amd64/libzip.so
7fddd3093000-7fddd3096000 rwxp 00010000 08:05 1706288                    /usr/lib/jvm/java-6-sun-1.6.0.26/jre/lib/amd64/libzip.so
7fddd3096000-7fddd3097000 rwxp 00000000 00:00 0 
7fddd3097000-7fddd30a3000 r-xp 00000000 08:05 1319557                    /lib/x86_64-linux-gnu/libnss_files-2.15.so
7fddd30a3000-7fddd32a2000 ---p 0000c000 08:05 1319557                    /lib/x86_64-linux-gnu/libnss_files-2.15.so
7fddd32a2000-7fddd32a3000 r-xp 0000b000 08:05 1319557                    /lib/x86_64-linux-gnu/libnss_files-2.15.so
7fddd32a3000-7fddd32a4000 rwxp 0000c000 08:05 1319557                    /lib/x86_64-linux-gnu/libnss_files-2.15.so
7fddd32a4000-7fddd32ae000 r-xp 00000000 08:05 1319558                    /lib/x86_64-linux-gnu/libnss_nis-2.15.so
7fddd32ae000-7fddd34ae000 ---p 0000a000 08:05 1319558                    /lib/x86_64-linux-gnu/libnss_nis-2.15.so
7fddd34ae000-7fddd34af000 r-xp 0000a000 08:05 1319558                    /lib/x86_64-linux-gnu/libnss_nis-2.15.so
7fddd34af000-7fddd34b0000 rwxp 0000b000 08:05 1319558                    /lib/x86_64-linux-gnu/libnss_nis-2.15.so
7fddd34b0000-7fddd34b8000 r-xp 00000000 08:05 1319560                    /lib/x86_64-linux-gnu/libnss_compat-2.15.so
7fddd34b8000-7fddd36b7000 ---p 00008000 08:05 1319560                    /lib/x86_64-linux-gnu/libnss_compat-2.15.so
7fddd36b7000-7fddd36b8000 r-xp 00007000 08:05 1319560                    /lib/x86_64-linux-gnu/libnss_compat-2.15.so
7fddd36b8000-7fddd36b9000 rwxp 00008000 08:05 1319560                    /lib/x86_64-linux-gnu/libnss_compat-2.15.so
7fddd36b9000-7fddd3a75000 r-xp 00000000 08:05 1575179                    /usr/lib/locale/locale-archive
7fddd3a75000-7fddd3a78000 r-xp 00000000 08:05 1706220                    /usr/lib/jvm/java-6-sun-1.6.0.26/jre/lib/amd64/libnpt.so
7fddd3a78000-7fddd3b77000 ---p 00003000 08:05 1706220                    /usr/lib/jvm/java-6-sun-1.6.0.26/jre/lib/amd64/libnpt.so
7fddd3b77000-7fddd3b78000 rwxp 00002000 08:05 1706220                    /usr/lib/jvm/java-6-sun-1.6.0.26/jre/lib/amd64/libnpt.so
7fddd3b78000-7fddd3bae000 r-xp 00000000 08:05 1706216                    /usr/lib/jvm/java-6-sun-1.6.0.26/jre/lib/amd64/libjdwp.so
7fddd3bae000-7fddd3cad000 ---p 00036000 08:05 1706216                    /usr/lib/jvm/java-6-sun-1.6.0.26/jre/lib/amd64/libjdwp.so
7fddd3cad000-7fddd3cb7000 rwxp 00035000 08:05 1706216                    /usr/lib/jvm/java-6-sun-1.6.0.26/jre/lib/amd64/libjdwp.so
7fddd3cb7000-7fddd3cce000 r-xp 00000000 08:05 1319551                    /lib/x86_64-linux-gnu/libnsl-2.15.so
7fddd3cce000-7fddd3ecd000 ---p 00017000 08:05 1319551                    /lib/x86_64-linux-gnu/libnsl-2.15.so
7fddd3ecd000-7fddd3ece000 r-xp 00016000 08:05 1319551                    /lib/x86_64-linux-gnu/libnsl-2.15.so
7fddd3ece000-7fddd3ecf000 rwxp 00017000 08:05 1319551                    /lib/x86_64-linux-gnu/libnsl-2.15.so
7fddd3ecf000-7fddd3ed1000 rwxp 00000000 00:00 0 
7fddd3ed1000-7fddd3efa000 r-xp 00000000 08:05 1706287                    /usr/lib/jvm/java-6-sun-1.6.0.26/jre/lib/amd64/libjava.so
7fddd3efa000-7fddd3ff9000 ---p 00029000 08:05 1706287                    /usr/lib/jvm/java-6-sun-1.6.0.26/jre/lib/amd64/libjava.so
7fddd3ff9000-7fddd4000000 rwxp 00028000 08:05 1706287                    /usr/lib/jvm/java-6-sun-1.6.0.26/jre/lib/amd64/libjava.so
7fddd4000000-7fddd41cf000 rwxp 00000000 00:00 0 
7fddd41cf000-7fddd8000000 ---p 00000000 00:00 0 
7fddd8019000-7fddd8026000 r-xp 00000000 08:05 1706204                    /usr/lib/jvm/java-6-sun-1.6.0.26/jre/lib/amd64/libverify.so
7fddd8026000-7fddd8125000 ---p 0000d000 08:05 1706204                    /usr/lib/jvm/java-6-sun-1.6.0.26/jre/lib/amd64/libverify.so
7fddd8125000-7fddd8128000 rwxp 0000c000 08:05 1706204                    /usr/lib/jvm/java-6-sun-1.6.0.26/jre/lib/amd64/libverify.so
7fddd8128000-7fddd812f000 r-xp 00000000 08:05 1319553                    /lib/x86_64-linux-gnu/librt-2.15.so
7fddd812f000-7fddd832e000 ---p 00007000 08:05 1319553                    /lib/x86_64-linux-gnu/librt-2.15.so
7fddd832e000-7fddd832f000 r-xp 00006000 08:05 1319553                    /lib/x86_64-linux-gnu/librt-2.15.so
7fddd832f000-7fddd8330000 rwxp 00007000 08:05 1319553                    /lib/x86_64-linux-gnu/librt-2.15.so
7fddd8330000-7fddd8333000 ---p 00000000 00:00 0 
7fddd8333000-7fddd8431000 rwxp 00000000 00:00 0 
7fddd8431000-7fddd852a000 r-xp 00000000 08:05 1315420                    /lib/x86_64-linux-gnu/libm-2.15.so
7fddd852a000-7fddd8729000 ---p 000f9000 08:05 1315420                    /lib/x86_64-linux-gnu/libm-2.15.so
7fddd8729000-7fddd872a000 r-xp 000f8000 08:05 1315420                    /lib/x86_64-linux-gnu/libm-2.15.so
7fddd872a000-7fddd872b000 rwxp 000f9000 08:05 1315420                    /lib/x86_64-linux-gnu/libm-2.15.so
7fddd872b000-7fddd9045000 r-xp 00000000 08:05 1706290                    /usr/lib/jvm/java-6-sun-1.6.0.26/jre/lib/amd64/server/libjvm.so
7fddd9045000-7fddd9147000 ---p 0091a000 08:05 1706290                    /usr/lib/jvm/java-6-sun-1.6.0.26/jre/lib/amd64/server/libjvm.so
7fddd9147000-7fddd92fc000 rwxp 0091c000 08:05 1706290                    /usr/lib/jvm/java-6-sun-1.6.0.26/jre/lib/amd64/server/libjvm.so
7fddd92fc000-7fddd9336000 rwxp 00000000 00:00 0 
7fddd9336000-7fddd94e9000 r-xp 00000000 08:05 1319544                    /lib/x86_64-linux-gnu/libc-2.15.so
7fddd94e9000-7fddd96e8000 ---p 001b3000 08:05 1319544                    /lib/x86_64-linux-gnu/libc-2.15.so
7fddd96e8000-7fddd96ec000 r-xp 001b2000 08:05 1319544                    /lib/x86_64-linux-gnu/libc-2.15.so
7fddd96ec000-7fddd96ee000 rwxp 001b6000 08:05 1319544                    /lib/x86_64-linux-gnu/libc-2.15.so
7fddd96ee000-7fddd96f3000 rwxp 00000000 00:00 0 
7fddd96f3000-7fddd96f5000 r-xp 00000000 08:05 1319564                    /lib/x86_64-linux-gnu/libdl-2.15.so
7fddd96f5000-7fddd98f5000 ---p 00002000 08:05 1319564                    /lib/x86_64-linux-gnu/libdl-2.15.so
7fddd98f5000-7fddd98f6000 r-xp 00002000 08:05 1319564                    /lib/x86_64-linux-gnu/libdl-2.15.so
7fddd98f6000-7fddd98f7000 rwxp 00003000 08:05 1319564                    /lib/x86_64-linux-gnu/libdl-2.15.so
7fddd98f7000-7fddd990f000 r-xp 00000000 08:05 1319568                    /lib/x86_64-linux-gnu/libpthread-2.15.so
7fddd990f000-7fddd9b0e000 ---p 00018000 08:05 1319568                    /lib/x86_64-linux-gnu/libpthread-2.15.so
7fddd9b0e000-7fddd9b0f000 r-xp 00017000 08:05 1319568                    /lib/x86_64-linux-gnu/libpthread-2.15.so
7fddd9b0f000-7fddd9b10000 rwxp 00018000 08:05 1319568                    /lib/x86_64-linux-gnu/libpthread-2.15.so
7fddd9b10000-7fddd9b14000 rwxp 00000000 00:00 0 
7fddd9b14000-7fddd9b36000 r-xp 00000000 08:05 1319548                    /lib/x86_64-linux-gnu/ld-2.15.so
7fddd9b3c000-7fddd9b46000 rwxp 00000000 00:00 0 
7fddd9b46000-7fddd9bfc000 rwxp 00000000 00:00 0 
7fddd9bfc000-7fddd9bff000 rwxp 00000000 00:00 0 
7fddd9bff000-7fddd9c06000 r-xp 00000000 08:05 1705729                    /usr/lib/jvm/java-6-sun-1.6.0.26/jre/lib/amd64/jli/libjli.so
7fddd9c06000-7fddd9d07000 ---p 00007000 08:05 1705729                    /usr/lib/jvm/java-6-sun-1.6.0.26/jre/lib/amd64/jli/libjli.so
7fddd9d07000-7fddd9d09000 rwxp 00008000 08:05 1705729                    /usr/lib/jvm/java-6-sun-1.6.0.26/jre/lib/amd64/jli/libjli.so
7fddd9d09000-7fddd9d0a000 rwxp 00000000 00:00 0 
7fddd9d1a000-7fddd9d1f000 r-xs 00041000 08:05 2768862                    /home/takeuchi/.m2/repository/commons-lang/commons-lang/2.6/commons-lang-2.6.jar
7fddd9d1f000-7fddd9d20000 r-xs 00006000 08:05 2786649                    /home/takeuchi/dev-apps/eclipse-indigo/plugins/org.hamcrest.core_1.1.0.v20090501071000.jar
7fddd9d20000-7fddd9d26000 r-xs 00030000 08:05 3295489                    /home/takeuchi/dev-apps/eclipse-indigo/plugins/org.junit_4.8.2.v4_8_2_v20110321-1705/junit.jar
7fddd9d26000-7fddd9d28000 r-xs 0000d000 08:05 1968812                    /usr/share/java/RXTXcomm-2.2pre2.jar
7fddd9d28000-7fddd9d2a000 r-xs 0000d000 08:05 1731899                    /usr/lib/jvm/java-6-sun-1.6.0.26/jre/lib/ext/RXTXcomm.jar.2-pre1
7fddd9d2a000-7fddd9d32000 rwxs 00000000 08:05 4601439                    /tmp/hsperfdata_takeuchi/8951
7fddd9d32000-7fddd9d33000 rwxp 00000000 00:00 0 
7fddd9d33000-7fddd9d34000 r-xp 00000000 00:00 0 
7fddd9d34000-7fddd9d36000 rwxp 00000000 00:00 0 
7fddd9d36000-7fddd9d37000 r-xp 00022000 08:05 1319548                    /lib/x86_64-linux-gnu/ld-2.15.so
7fddd9d37000-7fddd9d39000 rwxp 00023000 08:05 1319548                    /lib/x86_64-linux-gnu/ld-2.15.so
7ffffaaa2000-7ffffaac3000 rwxp 00000000 00:00 0                          [stack]
7ffffabff000-7ffffac00000 r-xp 00000000 00:00 0                          [vdso]
ffffffffff600000-ffffffffff601000 r-xp 00000000 00:00 0                  [vsyscall]

VM Arguments:
jvm_args: -agentlib:jdwp=transport=dt_socket,suspend=y,address=localhost:43163 -DGotoMethodServer.port=47922 -Dfile.encoding=UTF-8 
java_command: voting.main.VotingTimeMain
Launcher Type: SUN_STANDARD

Environment Variables:
PATH=/home/takeuchi/bin:/usr/lib/lightdm/lightdm:/usr/local/sbin:/usr/local/bin:/usr/sbin:/usr/bin:/sbin:/bin:/usr/games
LD_LIBRARY_PATH=/usr/lib/jvm/java-6-sun-1.6.0.26/jre/lib/amd64/server:/usr/lib/jvm/java-6-sun-1.6.0.26/jre/lib/amd64:/usr/lib/jvm/java-6-sun-1.6.0.26/jre/../lib/amd64
SHELL=/bin/bash
DISPLAY=:0

Signal Handlers:
SIGSEGV: [libjvm.so+0x85f800], sa_mask[0]=0x7ffbfeff, sa_flags=0x10000004
SIGBUS: [libjvm.so+0x85f800], sa_mask[0]=0x7ffbfeff, sa_flags=0x10000004
SIGFPE: [libjvm.so+0x70e300], sa_mask[0]=0x7ffbfeff, sa_flags=0x10000004
SIGPIPE: [libjvm.so+0x70e300], sa_mask[0]=0x7ffbfeff, sa_flags=0x10000004
SIGXFSZ: [libjvm.so+0x70e300], sa_mask[0]=0x7ffbfeff, sa_flags=0x10000004
SIGILL: [libjvm.so+0x70e300], sa_mask[0]=0x7ffbfeff, sa_flags=0x10000004
SIGUSR1: SIG_DFL, sa_mask[0]=0x00000000, sa_flags=0x00000000
SIGUSR2: [libjvm.so+0x711110], sa_mask[0]=0x00000004, sa_flags=0x10000004
SIGHUP: [libjvm.so+0x710d10], sa_mask[0]=0x7ffbfeff, sa_flags=0x10000004
SIGINT: [libjvm.so+0x710d10], sa_mask[0]=0x7ffbfeff, sa_flags=0x10000004
SIGTERM: [libjvm.so+0x710d10], sa_mask[0]=0x7ffbfeff, sa_flags=0x10000004
SIGQUIT: [libjvm.so+0x710d10], sa_mask[0]=0x7ffbfeff, sa_flags=0x10000004


---------------  S Y S T E M  ---------------

OS:wheezy/sid

uname:Linux 3.2.0-24-generic #39-Ubuntu SMP Mon May 21 16:52:17 UTC 2012 x86_64
libc:glibc 2.15 NPTL 2.15 
rlimit: STACK 8192k, CORE 0k, NPROC 30407, NOFILE 4096, AS infinity
load average:0.98 1.14 1.10

/proc/meminfo:
MemTotal:        3917012 kB
MemFree:          196576 kB
Buffers:          513344 kB
Cached:           803700 kB
SwapCached:         1252 kB
Active:          2060184 kB
Inactive:        1198100 kB
Active(anon):    1477472 kB
Inactive(anon):   607552 kB
Active(file):     582712 kB
Inactive(file):   590548 kB
Unevictable:          48 kB
Mlocked:              48 kB
SwapTotal:       3908604 kB
SwapFree:        3891540 kB
Dirty:                92 kB
Writeback:             0 kB
AnonPages:       1940084 kB
Mapped:           181764 kB
Shmem:            143736 kB
Slab:             339828 kB
SReclaimable:     305576 kB
SUnreclaim:        34252 kB
KernelStack:        4616 kB
PageTables:        44820 kB
NFS_Unstable:          0 kB
Bounce:                0 kB
WritebackTmp:          0 kB
CommitLimit:     5867108 kB
Committed_AS:    5479604 kB
VmallocTotal:   34359738367 kB
VmallocUsed:      557672 kB
VmallocChunk:   34359158848 kB
HardwareCorrupted:     0 kB
AnonHugePages:         0 kB
HugePages_Total:       0
HugePages_Free:        0
HugePages_Rsvd:        0
HugePages_Surp:        0
Hugepagesize:       2048 kB
DirectMap4k:       56320 kB
DirectMap2M:     4003840 kB


CPU:total 2 (2 cores per cpu, 1 threads per core) family 6 model 23 stepping 6, cmov, cx8, fxsr, mmx, sse, sse2, sse3, ssse3, sse4.1

/proc/cpuinfo:
processor	: 0
vendor_id	: GenuineIntel
cpu family	: 6
model		: 23
model name	: Intel(R) Core(TM)2 Duo CPU     P8400  @ 2.26GHz
stepping	: 6
microcode	: 0x60c
cpu MHz		: 2267.000
cache size	: 3072 KB
physical id	: 0
siblings	: 2
core id		: 0
cpu cores	: 2
apicid		: 0
initial apicid	: 0
fpu		: yes
fpu_exception	: yes
cpuid level	: 10
wp		: yes
flags		: fpu vme de pse tsc msr pae mce cx8 apic sep mtrr pge mca cmov pat pse36 clflush dts acpi mmx fxsr sse sse2 ss ht tm pbe syscall nx lm constant_tsc arch_perfmon pebs bts rep_good nopl aperfmperf pni dtes64 monitor ds_cpl vmx smx est tm2 ssse3 cx16 xtpr pdcm sse4_1 lahf_lm dts tpr_shadow vnmi flexpriority
bogomips	: 4518.55
clflush size	: 64
cache_alignment	: 64
address sizes	: 36 bits physical, 48 bits virtual
power management:

processor	: 1
vendor_id	: GenuineIntel
cpu family	: 6
model		: 23
model name	: Intel(R) Core(TM)2 Duo CPU     P8400  @ 2.26GHz
stepping	: 6
microcode	: 0x60c
cpu MHz		: 2266.000
cache size	: 3072 KB
physical id	: 0
siblings	: 2
core id		: 1
cpu cores	: 2
apicid		: 1
initial apicid	: 1
fpu		: yes
fpu_exception	: yes
cpuid level	: 10
wp		: yes
flags		: fpu vme de pse tsc msr pae mce cx8 apic sep mtrr pge mca cmov pat pse36 clflush dts acpi mmx fxsr sse sse2 ss ht tm pbe syscall nx lm constant_tsc arch_perfmon pebs bts rep_good nopl aperfmperf pni dtes64 monitor ds_cpl vmx smx est tm2 ssse3 cx16 xtpr pdcm sse4_1 lahf_lm dts tpr_shadow vnmi flexpriority
bogomips	: 4518.66
clflush size	: 64
cache_alignment	: 64
address sizes	: 36 bits physical, 48 bits virtual
power management:



Memory: 4k page, physical 3917012k(196576k free), swap 3908604k(3891540k free)

vm_info: Java HotSpot(TM) 64-Bit Server VM (20.1-b02) for linux-amd64 JRE (1.6.0_26-b03), built on May  4 2011 01:13:47 by "java_re" with gcc 3.2.2 (SuSE Linux)

time: Fri Jun  8 11:35:08 2012
elapsed time: 60 seconds

